app/api/ai/drill-recommendation/route.ts(131,70): error TS2304: Cannot find name 'session'.
app/api/auth/[...nextauth]/route.ts(19,13): error TS2322: Type '(credentials: Record<"email" | "password", string> | undefined) => Promise<{ id: string; email: string; name: string | null; role: UserRole; parentId: string | null; playerProfile: { ...; } | null; children: { ...; }[]; parent: { ...; } | null; } | null>' is not assignable to type '(credentials: Record<"email" | "password", string> | undefined, req: Pick<RequestInternal, "query" | "method" | "body" | "headers">) => Awaitable<...>'.
  Type 'Promise<{ id: string; email: string; name: string | null; role: UserRole; parentId: string | null; playerProfile: { id: string; userId: string; createdAt: Date; updatedAt: Date; ... 9 more ...; preferences: JsonValue; } | null; children: { ...; }[]; parent: { ...; } | null; } | null>' is not assignable to type 'Awaitable<User | null>'.
    Type 'Promise<{ id: string; email: string; name: string | null; role: UserRole; parentId: string | null; playerProfile: { id: string; userId: string; createdAt: Date; updatedAt: Date; ... 9 more ...; preferences: JsonValue; } | null; children: { ...; }[]; parent: { ...; } | null; } | null>' is not assignable to type 'PromiseLike<User | null>'.
      Types of property 'then' are incompatible.
        Type '<TResult1 = { id: string; email: string; name: string | null; role: UserRole; parentId: string | null; playerProfile: { id: string; userId: string; createdAt: Date; updatedAt: Date; ... 9 more ...; preferences: JsonValue; } | null; children: { ...; }[]; parent: { ...; } | null; } | null, TResult2 = never>(onfulfille...' is not assignable to type '<TResult1 = User | null, TResult2 = never>(onfulfilled?: ((value: User | null) => TResult1 | PromiseLike<TResult1>) | null | undefined, onrejected?: ((reason: any) => TResult2 | PromiseLike<...>) | null | undefined) => PromiseLike<...>'.
          Types of parameters 'onfulfilled' and 'onfulfilled' are incompatible.
            Types of parameters 'value' and 'value' are incompatible.
              Type '{ id: string; email: string; name: string | null; role: UserRole; parentId: string | null; playerProfile: { id: string; userId: string; createdAt: Date; updatedAt: Date; ... 9 more ...; preferences: JsonValue; } | null; children: { ...; }[]; parent: { ...; } | null; } | null' is not assignable to type 'User | null'.
                Type '{ id: string; email: string; name: string | null; role: $Enums.UserRole; parentId: string | null; playerProfile: { id: string; userId: string; createdAt: Date; updatedAt: Date; ... 9 more ...; preferences: JsonValue; } | null; children: { ...; }[]; parent: { ...; } | null; }' is not assignable to type 'User'.
                  Types of property 'name' are incompatible.
                    Type 'string | null' is not assignable to type 'string'.
                      Type 'null' is not assignable to type 'string'.
app/api/auth/[...nextauth]/route.ts(89,5): error TS2322: Type '{ signIn: string; signUp: string; }' is not assignable to type 'Partial<PagesOptions>'.
  Object literal may only specify known properties, and 'signUp' does not exist in type 'Partial<PagesOptions>'.
app/dashboard/page.tsx(35,29): error TS2322: Type '{ parent: { name: string | null; id: string; email: string; emailVerified: Date | null; image: string | null; password: string | null; role: UserRole; dateOfBirth: Date | null; parentId: string | null; createdAt: Date; updatedAt: Date; } | null; children: ({ ...; } & { ...; })[]; playerProfile: { ...; } | null; } & ...' is not assignable to type 'User & { children: (User & { playerProfile: any; })[]; }'.
  Type '{ parent: { name: string | null; id: string; email: string; emailVerified: Date | null; image: string | null; password: string | null; role: UserRole; dateOfBirth: Date | null; parentId: string | null; createdAt: Date; updatedAt: Date; } | null; children: ({ ...; } & { ...; })[]; playerProfile: { ...; } | null; } & ...' is not assignable to type 'User'.
    Types of property 'playerProfile' are incompatible.
      Type '{ id: string; userId: string; createdAt: Date; updatedAt: Date; skillLevel: string; favoritePosition: string | null; totalPoints: number; currentLevel: string; currentStreak: number; ... 4 more ...; preferences: JsonValue; } | null' is not assignable to type 'PlayerProfile | undefined'.
        Type 'null' is not assignable to type 'PlayerProfile | undefined'.
app/dashboard/page.tsx(38,27): error TS2322: Type '{ parent: { name: string | null; id: string; email: string; emailVerified: Date | null; image: string | null; password: string | null; role: UserRole; dateOfBirth: Date | null; parentId: string | null; createdAt: Date; updatedAt: Date; } | null; children: ({ ...; } & { ...; })[]; playerProfile: { ...; } | null; } & ...' is not assignable to type 'User & { playerProfile: PlayerProfile; }'.
  Type '{ parent: { name: string | null; id: string; email: string; emailVerified: Date | null; image: string | null; password: string | null; role: UserRole; dateOfBirth: Date | null; parentId: string | null; createdAt: Date; updatedAt: Date; } | null; children: ({ ...; } & { ...; })[]; playerProfile: { ...; } | null; } & ...' is not assignable to type 'User'.
components/drills/drill-library.tsx(75,43): error TS18048: 'filters.searchTerm' is possibly 'undefined'.
components/drills/drill-library.tsx(76,50): error TS18048: 'filters.searchTerm' is possibly 'undefined'.
components/workout/workout-builder.tsx(30,55): error TS2307: Cannot find module '@hello-pangea/dnd' or its corresponding type declarations.
components/workout/workout-builder.tsx(364,23): error TS7006: Parameter 'provided' implicitly has an 'any' type.
components/workout/workout-builder.tsx(368,31): error TS7006: Parameter 'provided' implicitly has an 'any' type.
scripts/seed.ts(38,31): error TS7006: Parameter 'drill' implicitly has an 'any' type.
exit_code=2
